<?xml version="1.0" encoding="UTF-8"?>
<testng-results ignored="0" total="1" passed="1" failed="0" skipped="0">
  <reporter-output>
  </reporter-output>
  <suite started-at="2024-02-13T03:35:30Z" name="Surefire suite" finished-at="2024-02-13T03:35:34Z" duration-ms="4511">
    <groups>
    </groups>
    <test started-at="2024-02-13T03:35:30Z" name="Surefire test" finished-at="2024-02-13T03:35:34Z" duration-ms="4511">
      <class name="testLayer.LoginTest">
        <test-method is-config="true" signature="initSetup()[pri:0, instance:testLayer.LoginTest@365c30cc]" started-at="2024-02-12T22:35:30Z" name="initSetup" finished-at="2024-02-12T22:35:34Z" duration-ms="4407" status="PASS">
          <reporter-output>
          </reporter-output>
        </test-method> <!-- initSetup -->
        <test-method signature="title()[pri:0, instance:testLayer.LoginTest@365c30cc]" started-at="2024-02-12T22:35:34Z" name="title" finished-at="2024-02-12T22:35:34Z" duration-ms="7" status="PASS">
          <reporter-output>
          </reporter-output>
        </test-method> <!-- title -->
        <test-method is-config="true" signature="close()[pri:0, instance:testLayer.LoginTest@365c30cc]" started-at="2024-02-12T22:35:34Z" name="close" finished-at="2024-02-12T22:35:34Z" duration-ms="90" status="PASS">
          <reporter-output>
          </reporter-output>
        </test-method> <!-- close -->
      </class> <!-- testLayer.LoginTest -->
    </test> <!-- Surefire test -->
  </suite> <!-- Surefire suite -->
</testng-results>
