<?xml version="1.0" encoding="UTF-8"?>
<testng-results ignored="0" total="3" passed="3" failed="0" skipped="0">
  <reporter-output>
  </reporter-output>
  <suite started-at="2024-02-13T06:05:15Z" name="OrangeHRM" finished-at="2024-02-13T06:05:33Z" duration-ms="17906">
    <groups>
    </groups>
    <test started-at="2024-02-13T06:05:15Z" name="TestNG" finished-at="2024-02-13T06:05:33Z" duration-ms="17906">
      <class name="testLayer.LoginTest">
        <test-method is-config="true" signature="initSetup()[pri:0, instance:testLayer.LoginTest@124c278f]" started-at="2024-02-13T01:05:15Z" name="initSetup" finished-at="2024-02-13T01:05:20Z" duration-ms="5799" status="PASS">
          <reporter-output>
          </reporter-output>
        </test-method> <!-- initSetup -->
        <test-method signature="title()[pri:1, instance:testLayer.LoginTest@124c278f]" started-at="2024-02-13T01:05:20Z" name="title" finished-at="2024-02-13T01:05:20Z" duration-ms="9" status="PASS">
          <reporter-output>
          </reporter-output>
        </test-method> <!-- title -->
        <test-method is-config="true" signature="close()[pri:0, instance:testLayer.LoginTest@124c278f]" started-at="2024-02-13T01:05:20Z" name="close" finished-at="2024-02-13T01:05:20Z" duration-ms="64" status="PASS">
          <reporter-output>
          </reporter-output>
        </test-method> <!-- close -->
        <test-method is-config="true" signature="initSetup()[pri:0, instance:testLayer.LoginTest@124c278f]" started-at="2024-02-13T01:05:21Z" name="initSetup" finished-at="2024-02-13T01:05:26Z" duration-ms="5385" status="PASS">
          <reporter-output>
          </reporter-output>
        </test-method> <!-- initSetup -->
        <test-method signature="login(java.lang.String, java.lang.String)[pri:2, instance:testLayer.LoginTest@124c278f]" started-at="2024-02-13T01:05:26Z" name="login" data-provider="details" finished-at="2024-02-13T01:05:27Z" duration-ms="366" status="PASS">
          <params>
            <param index="0">
              <value>
                <![CDATA[Admin]]>
              </value>
            </param>
            <param index="1">
              <value>
                <![CDATA[admin123]]>
              </value>
            </param>
          </params>
          <reporter-output>
          </reporter-output>
        </test-method> <!-- login -->
        <test-method is-config="true" signature="close()[pri:0, instance:testLayer.LoginTest@124c278f]" started-at="2024-02-13T01:05:27Z" name="close" finished-at="2024-02-13T01:05:27Z" duration-ms="85" status="PASS">
          <reporter-output>
          </reporter-output>
        </test-method> <!-- close -->
        <test-method is-config="true" signature="initSetup()[pri:0, instance:testLayer.LoginTest@124c278f]" started-at="2024-02-13T01:05:27Z" name="initSetup" finished-at="2024-02-13T01:05:32Z" duration-ms="5387" status="PASS">
          <reporter-output>
          </reporter-output>
        </test-method> <!-- initSetup -->
        <test-method signature="login(java.lang.String, java.lang.String)[pri:2, instance:testLayer.LoginTest@124c278f]" started-at="2024-02-13T01:05:32Z" name="login" data-provider="details" finished-at="2024-02-13T01:05:32Z" duration-ms="352" status="PASS">
          <params>
            <param index="0">
              <value>
                <![CDATA[Admin]]>
              </value>
            </param>
            <param index="1">
              <value>
                <![CDATA[Abcd]]>
              </value>
            </param>
          </params>
          <reporter-output>
          </reporter-output>
        </test-method> <!-- login -->
        <test-method is-config="true" signature="close()[pri:0, instance:testLayer.LoginTest@124c278f]" started-at="2024-02-13T01:05:32Z" name="close" finished-at="2024-02-13T01:05:33Z" duration-ms="79" status="PASS">
          <reporter-output>
          </reporter-output>
        </test-method> <!-- close -->
      </class> <!-- testLayer.LoginTest -->
    </test> <!-- TestNG -->
  </suite> <!-- OrangeHRM -->
</testng-results>
